  Determining projects to restore...
  All projects are up-to-date for restore.
C:\Users\tahad\OneDrive\Desktop\dsushi\SushiBE\SushiBE\SushiBE\Models\Invoice.cs(5,7): warning CS0105: The using directive for 'System.ComponentModel.DataAnnotations' appeared previously in this namespace [C:\Users\tahad\OneDrive\Desktop\dsushi\SushiBE\SushiBE\SushiBE\SushiBE.csproj]
C:\Users\tahad\OneDrive\Desktop\dsushi\SushiBE\SushiBE\SushiBE\Models\Invoice.cs(6,7): warning CS0105: The using directive for 'System.ComponentModel.DataAnnotations.Schema' appeared previously in this namespace [C:\Users\tahad\OneDrive\Desktop\dsushi\SushiBE\SushiBE\SushiBE\SushiBE.csproj]
C:\Users\tahad\OneDrive\Desktop\dsushi\SushiBE\SushiBE\SushiBE\Migrations\20251221002310_belpostgrestaw.cs(9,26): warning CS8981: The type name 'belpostgrestaw' only contains lower-cased ascii characters. Such names may become reserved for the language. [C:\Users\tahad\OneDrive\Desktop\dsushi\SushiBE\SushiBE\SushiBE\SushiBE.csproj]
C:\Users\tahad\OneDrive\Desktop\dsushi\SushiBE\SushiBE\SushiBE\Migrations\20251221002310_belpostgrestaw.Designer.cs(16,19): warning CS8981: The type name 'belpostgrestaw' only contains lower-cased ascii characters. Such names may become reserved for the language. [C:\Users\tahad\OneDrive\Desktop\dsushi\SushiBE\SushiBE\SushiBE\SushiBE.csproj]
C:\Users\tahad\OneDrive\Desktop\dsushi\SushiBE\SushiBE\SushiBE\DTOs\ProductCreateDto.cs(7,19): warning CS8618: Non-nullable property 'Name' must contain a non-null value when exiting constructor. Consider adding the 'required' modifier or declaring the property as nullable. [C:\Users\tahad\OneDrive\Desktop\dsushi\SushiBE\SushiBE\SushiBE\SushiBE.csproj]
C:\Users\tahad\OneDrive\Desktop\dsushi\SushiBE\SushiBE\SushiBE\DTOs\ProductCreateDto.cs(8,19): warning CS8618: Non-nullable property 'Description' must contain a non-null value when exiting constructor. Consider adding the 'required' modifier or declaring the property as nullable. [C:\Users\tahad\OneDrive\Desktop\dsushi\SushiBE\SushiBE\SushiBE\SushiBE.csproj]
C:\Users\tahad\OneDrive\Desktop\dsushi\SushiBE\SushiBE\SushiBE\DTOs\ProductCreateDto.cs(12,28): warning CS8618: Non-nullable property 'Images' must contain a non-null value when exiting constructor. Consider adding the 'required' modifier or declaring the property as nullable. [C:\Users\tahad\OneDrive\Desktop\dsushi\SushiBE\SushiBE\SushiBE\SushiBE.csproj]
C:\Users\tahad\OneDrive\Desktop\dsushi\SushiBE\SushiBE\SushiBE\Services\SmtpEmailService.cs(20,38): warning CS8604: Possible null reference argument for parameter 's' in 'int int.Parse(string s)'. [C:\Users\tahad\OneDrive\Desktop\dsushi\SushiBE\SushiBE\SushiBE\SushiBE.csproj]
C:\Users\tahad\OneDrive\Desktop\dsushi\SushiBE\SushiBE\SushiBE\Services\SmtpEmailService.cs(31,40): warning CS8604: Possible null reference argument for parameter 'from' in 'MailMessage.MailMessage(string from, string to, string? subject, string? body)'. [C:\Users\tahad\OneDrive\Desktop\dsushi\SushiBE\SushiBE\SushiBE\SushiBE.csproj]
C:\Users\tahad\OneDrive\Desktop\dsushi\SushiBE\SushiBE\SushiBE\Controllers\CartController.cs(45,35): warning CS8601: Possible null reference assignment. [C:\Users\tahad\OneDrive\Desktop\dsushi\SushiBE\SushiBE\SushiBE\SushiBE.csproj]
C:\Users\tahad\OneDrive\Desktop\dsushi\SushiBE\SushiBE\SushiBE\Program.cs(42,76): warning CS8604: Possible null reference argument for parameter 's' in 'byte[] Encoding.GetBytes(string s)'. [C:\Users\tahad\OneDrive\Desktop\dsushi\SushiBE\SushiBE\SushiBE\SushiBE.csproj]
C:\Users\tahad\OneDrive\Desktop\dsushi\SushiBE\SushiBE\SushiBE\Program.cs(92,21): warning CS8600: Converting null literal or possible null value to non-nullable type. [C:\Users\tahad\OneDrive\Desktop\dsushi\SushiBE\SushiBE\SushiBE\SushiBE.csproj]
C:\Users\tahad\OneDrive\Desktop\dsushi\SushiBE\SushiBE\SushiBE\Controllers\AuthController.cs(235,71): warning CS8604: Possible null reference argument for parameter 's' in 'byte[] Encoding.GetBytes(string s)'. [C:\Users\tahad\OneDrive\Desktop\dsushi\SushiBE\SushiBE\SushiBE\SushiBE.csproj]
C:\Users\tahad\OneDrive\Desktop\dsushi\SushiBE\SushiBE\SushiBE\Controllers\CartController.cs(119,22): warning CS8602: Dereference of a possibly null reference. [C:\Users\tahad\OneDrive\Desktop\dsushi\SushiBE\SushiBE\SushiBE\SushiBE.csproj]
C:\Users\tahad\OneDrive\Desktop\dsushi\SushiBE\SushiBE\SushiBE\Controllers\ProductController.cs(144,28): warning CS8601: Possible null reference assignment. [C:\Users\tahad\OneDrive\Desktop\dsushi\SushiBE\SushiBE\SushiBE\SushiBE.csproj]
C:\Users\tahad\OneDrive\Desktop\dsushi\SushiBE\SushiBE\SushiBE\Controllers\CartController.cs(175,22): warning CS8602: Dereference of a possibly null reference. [C:\Users\tahad\OneDrive\Desktop\dsushi\SushiBE\SushiBE\SushiBE\SushiBE.csproj]
C:\Users\tahad\OneDrive\Desktop\dsushi\SushiBE\SushiBE\SushiBE\DTOs\ProductUpdateDto.cs(9,23): warning CS8618: Non-nullable property 'Name' must contain a non-null value when exiting constructor. Consider adding the 'required' modifier or declaring the property as nullable. [C:\Users\tahad\OneDrive\Desktop\dsushi\SushiBE\SushiBE\SushiBE\SushiBE.csproj]
C:\Users\tahad\OneDrive\Desktop\dsushi\SushiBE\SushiBE\SushiBE\DTOs\ProductUpdateDto.cs(10,23): warning CS8618: Non-nullable property 'Description' must contain a non-null value when exiting constructor. Consider adding the 'required' modifier or declaring the property as nullable. [C:\Users\tahad\OneDrive\Desktop\dsushi\SushiBE\SushiBE\SushiBE\SushiBE.csproj]
C:\Users\tahad\OneDrive\Desktop\dsushi\SushiBE\SushiBE\SushiBE\DTOs\ProductDto.cs(9,23): warning CS8618: Non-nullable property 'Name' must contain a non-null value when exiting constructor. Consider adding the 'required' modifier or declaring the property as nullable. [C:\Users\tahad\OneDrive\Desktop\dsushi\SushiBE\SushiBE\SushiBE\SushiBE.csproj]
C:\Users\tahad\OneDrive\Desktop\dsushi\SushiBE\SushiBE\SushiBE\DTOs\ProductDto.cs(10,23): warning CS8618: Non-nullable property 'Description' must contain a non-null value when exiting constructor. Consider adding the 'required' modifier or declaring the property as nullable. [C:\Users\tahad\OneDrive\Desktop\dsushi\SushiBE\SushiBE\SushiBE\SushiBE.csproj]
C:\Users\tahad\OneDrive\Desktop\dsushi\SushiBE\SushiBE\SushiBE\DTOs\ProductDto.cs(14,28): warning CS8618: Non-nullable property 'Category' must contain a non-null value when exiting constructor. Consider adding the 'required' modifier or declaring the property as nullable. [C:\Users\tahad\OneDrive\Desktop\dsushi\SushiBE\SushiBE\SushiBE\SushiBE.csproj]
C:\Users\tahad\OneDrive\Desktop\dsushi\SushiBE\SushiBE\SushiBE\DTOs\ProductDto.cs(15,29): warning CS8618: Non-nullable property 'ImageUrls' must contain a non-null value when exiting constructor. Consider adding the 'required' modifier or declaring the property as nullable. [C:\Users\tahad\OneDrive\Desktop\dsushi\SushiBE\SushiBE\SushiBE\SushiBE.csproj]
C:\Users\tahad\OneDrive\Desktop\dsushi\SushiBE\SushiBE\SushiBE\DTOs\CategoryDto.cs(8,23): warning CS8618: Non-nullable property 'Name' must contain a non-null value when exiting constructor. Consider adding the 'required' modifier or declaring the property as nullable. [C:\Users\tahad\OneDrive\Desktop\dsushi\SushiBE\SushiBE\SushiBE\SushiBE.csproj]
C:\Users\tahad\OneDrive\Desktop\dsushi\SushiBE\SushiBE\SushiBE\DTOs\CartItemDto.cs(9,23): warning CS8618: Non-nullable property 'ProductName' must contain a non-null value when exiting constructor. Consider adding the 'required' modifier or declaring the property as nullable. [C:\Users\tahad\OneDrive\Desktop\dsushi\SushiBE\SushiBE\SushiBE\SushiBE.csproj]
C:\Users\tahad\OneDrive\Desktop\dsushi\SushiBE\SushiBE\SushiBE\DTOs\CartDto.cs(12,34): warning CS8618: Non-nullable property 'Items' must contain a non-null value when exiting constructor. Consider adding the 'required' modifier or declaring the property as nullable. [C:\Users\tahad\OneDrive\Desktop\dsushi\SushiBE\SushiBE\SushiBE\SushiBE.csproj]
C:\Users\tahad\OneDrive\Desktop\dsushi\SushiBE\SushiBE\SushiBE\DTOs\Auth\VerifyEmailDto.cs(5,23): warning CS8618: Non-nullable property 'Email' must contain a non-null value when exiting constructor. Consider adding the 'required' modifier or declaring the property as nullable. [C:\Users\tahad\OneDrive\Desktop\dsushi\SushiBE\SushiBE\SushiBE\SushiBE.csproj]
C:\Users\tahad\OneDrive\Desktop\dsushi\SushiBE\SushiBE\SushiBE\DTOs\Auth\VerifyEmailDto.cs(6,23): warning CS8618: Non-nullable property 'Code' must contain a non-null value when exiting constructor. Consider adding the 'required' modifier or declaring the property as nullable. [C:\Users\tahad\OneDrive\Desktop\dsushi\SushiBE\SushiBE\SushiBE\SushiBE.csproj]
C:\Users\tahad\OneDrive\Desktop\dsushi\SushiBE\SushiBE\SushiBE\DTOs\Auth\UpdateProfileDto.cs(5,23): warning CS8618: Non-nullable property 'Name' must contain a non-null value when exiting constructor. Consider adding the 'required' modifier or declaring the property as nullable. [C:\Users\tahad\OneDrive\Desktop\dsushi\SushiBE\SushiBE\SushiBE\SushiBE.csproj]
C:\Users\tahad\OneDrive\Desktop\dsushi\SushiBE\SushiBE\SushiBE\DTOs\Auth\UpdateProfileDto.cs(6,23): warning CS8618: Non-nullable property 'Email' must contain a non-null value when exiting constructor. Consider adding the 'required' modifier or declaring the property as nullable. [C:\Users\tahad\OneDrive\Desktop\dsushi\SushiBE\SushiBE\SushiBE\SushiBE.csproj]
C:\Users\tahad\OneDrive\Desktop\dsushi\SushiBE\SushiBE\SushiBE\DTOs\Auth\UpdateProfileDto.cs(7,23): warning CS8618: Non-nullable property 'Address' must contain a non-null value when exiting constructor. Consider adding the 'required' modifier or declaring the property as nullable. [C:\Users\tahad\OneDrive\Desktop\dsushi\SushiBE\SushiBE\SushiBE\SushiBE.csproj]
C:\Users\tahad\OneDrive\Desktop\dsushi\SushiBE\SushiBE\SushiBE\DTOs\Auth\UpdateProfileDto.cs(8,23): warning CS8618: Non-nullable property 'Phone' must contain a non-null value when exiting constructor. Consider adding the 'required' modifier or declaring the property as nullable. [C:\Users\tahad\OneDrive\Desktop\dsushi\SushiBE\SushiBE\SushiBE\SushiBE.csproj]
C:\Users\tahad\OneDrive\Desktop\dsushi\SushiBE\SushiBE\SushiBE\DTOs\Auth\UpdatePasswordDto.cs(5,23): warning CS8618: Non-nullable property 'OldPassword' must contain a non-null value when exiting constructor. Consider adding the 'required' modifier or declaring the property as nullable. [C:\Users\tahad\OneDrive\Desktop\dsushi\SushiBE\SushiBE\SushiBE\SushiBE.csproj]
C:\Users\tahad\OneDrive\Desktop\dsushi\SushiBE\SushiBE\SushiBE\DTOs\Auth\UpdatePasswordDto.cs(6,23): warning CS8618: Non-nullable property 'NewPassword' must contain a non-null value when exiting constructor. Consider adding the 'required' modifier or declaring the property as nullable. [C:\Users\tahad\OneDrive\Desktop\dsushi\SushiBE\SushiBE\SushiBE\SushiBE.csproj]
C:\Users\tahad\OneDrive\Desktop\dsushi\SushiBE\SushiBE\SushiBE\DTOs\Auth\RegisterDto.cs(5,23): warning CS8618: Non-nullable property 'Email' must contain a non-null value when exiting constructor. Consider adding the 'required' modifier or declaring the property as nullable. [C:\Users\tahad\OneDrive\Desktop\dsushi\SushiBE\SushiBE\SushiBE\SushiBE.csproj]
C:\Users\tahad\OneDrive\Desktop\dsushi\SushiBE\SushiBE\SushiBE\DTOs\Auth\RegisterDto.cs(6,23): warning CS8618: Non-nullable property 'Password' must contain a non-null value when exiting constructor. Consider adding the 'required' modifier or declaring the property as nullable. [C:\Users\tahad\OneDrive\Desktop\dsushi\SushiBE\SushiBE\SushiBE\SushiBE.csproj]
C:\Users\tahad\OneDrive\Desktop\dsushi\SushiBE\SushiBE\SushiBE\DTOs\Auth\LoginDto.cs(5,23): warning CS8618: Non-nullable property 'Email' must contain a non-null value when exiting constructor. Consider adding the 'required' modifier or declaring the property as nullable. [C:\Users\tahad\OneDrive\Desktop\dsushi\SushiBE\SushiBE\SushiBE\SushiBE.csproj]
C:\Users\tahad\OneDrive\Desktop\dsushi\SushiBE\SushiBE\SushiBE\DTOs\Auth\LoginDto.cs(6,23): warning CS8618: Non-nullable property 'Password' must contain a non-null value when exiting constructor. Consider adding the 'required' modifier or declaring the property as nullable. [C:\Users\tahad\OneDrive\Desktop\dsushi\SushiBE\SushiBE\SushiBE\SushiBE.csproj]
C:\Users\tahad\OneDrive\Desktop\dsushi\SushiBE\SushiBE\SushiBE\DTOs\Auth\AuthResponseDto.cs(5,23): warning CS8618: Non-nullable property 'Token' must contain a non-null value when exiting constructor. Consider adding the 'required' modifier or declaring the property as nullable. [C:\Users\tahad\OneDrive\Desktop\dsushi\SushiBE\SushiBE\SushiBE\SushiBE.csproj]
C:\Users\tahad\OneDrive\Desktop\dsushi\SushiBE\SushiBE\SushiBE\DTOs\Auth\AdminRegisterDto.cs(5,23): warning CS8618: Non-nullable property 'Name' must contain a non-null value when exiting constructor. Consider adding the 'required' modifier or declaring the property as nullable. [C:\Users\tahad\OneDrive\Desktop\dsushi\SushiBE\SushiBE\SushiBE\SushiBE.csproj]
C:\Users\tahad\OneDrive\Desktop\dsushi\SushiBE\SushiBE\SushiBE\DTOs\Auth\AdminRegisterDto.cs(6,23): warning CS8618: Non-nullable property 'Email' must contain a non-null value when exiting constructor. Consider adding the 'required' modifier or declaring the property as nullable. [C:\Users\tahad\OneDrive\Desktop\dsushi\SushiBE\SushiBE\SushiBE\SushiBE.csproj]
C:\Users\tahad\OneDrive\Desktop\dsushi\SushiBE\SushiBE\SushiBE\DTOs\Auth\AdminRegisterDto.cs(7,23): warning CS8618: Non-nullable property 'Password' must contain a non-null value when exiting constructor. Consider adding the 'required' modifier or declaring the property as nullable. [C:\Users\tahad\OneDrive\Desktop\dsushi\SushiBE\SushiBE\SushiBE\SushiBE.csproj]
C:\Users\tahad\OneDrive\Desktop\dsushi\SushiBE\SushiBE\SushiBE\Controllers\CartController.cs(223,22): warning CS8602: Dereference of a possibly null reference. [C:\Users\tahad\OneDrive\Desktop\dsushi\SushiBE\SushiBE\SushiBE\SushiBE.csproj]
C:\Users\tahad\OneDrive\Desktop\dsushi\SushiBE\SushiBE\SushiBE\Controllers\ProductController.cs(238,40): warning CS8601: Possible null reference assignment. [C:\Users\tahad\OneDrive\Desktop\dsushi\SushiBE\SushiBE\SushiBE\SushiBE.csproj]
C:\Users\tahad\OneDrive\Desktop\dsushi\SushiBE\SushiBE\SushiBE\Models\ProductImage.cs(9,23): warning CS8618: Non-nullable property 'ImageUrl' must contain a non-null value when exiting constructor. Consider adding the 'required' modifier or declaring the property as nullable. [C:\Users\tahad\OneDrive\Desktop\dsushi\SushiBE\SushiBE\SushiBE\SushiBE.csproj]
C:\Users\tahad\OneDrive\Desktop\dsushi\SushiBE\SushiBE\SushiBE\Models\ProductImage.cs(11,24): warning CS8618: Non-nullable property 'Product' must contain a non-null value when exiting constructor. Consider adding the 'required' modifier or declaring the property as nullable. [C:\Users\tahad\OneDrive\Desktop\dsushi\SushiBE\SushiBE\SushiBE\SushiBE.csproj]
C:\Users\tahad\OneDrive\Desktop\dsushi\SushiBE\SushiBE\SushiBE\Models\Product.cs(13,23): warning CS8618: Non-nullable property 'Name' must contain a non-null value when exiting constructor. Consider adding the 'required' modifier or declaring the property as nullable. [C:\Users\tahad\OneDrive\Desktop\dsushi\SushiBE\SushiBE\SushiBE\SushiBE.csproj]
C:\Users\tahad\OneDrive\Desktop\dsushi\SushiBE\SushiBE\SushiBE\Models\Product.cs(14,23): warning CS8618: Non-nullable property 'Description' must contain a non-null value when exiting constructor. Consider adding the 'required' modifier or declaring the property as nullable. [C:\Users\tahad\OneDrive\Desktop\dsushi\SushiBE\SushiBE\SushiBE\SushiBE.csproj]
C:\Users\tahad\OneDrive\Desktop\dsushi\SushiBE\SushiBE\SushiBE\Models\Product.cs(18,23): warning CS8618: Non-nullable property 'ImageUrl' must contain a non-null value when exiting constructor. Consider adding the 'required' modifier or declaring the property as nullable. [C:\Users\tahad\OneDrive\Desktop\dsushi\SushiBE\SushiBE\SushiBE\SushiBE.csproj]
C:\Users\tahad\OneDrive\Desktop\dsushi\SushiBE\SushiBE\SushiBE\Models\Product.cs(24,25): warning CS8618: Non-nullable property 'Category' must contain a non-null value when exiting constructor. Consider adding the 'required' modifier or declaring the property as nullable. [C:\Users\tahad\OneDrive\Desktop\dsushi\SushiBE\SushiBE\SushiBE\SushiBE.csproj]
C:\Users\tahad\OneDrive\Desktop\dsushi\SushiBE\SushiBE\SushiBE\Models\Product.cs(26,42): warning CS8618: Non-nullable property 'Images' must contain a non-null value when exiting constructor. Consider adding the 'required' modifier or declaring the property as nullable. [C:\Users\tahad\OneDrive\Desktop\dsushi\SushiBE\SushiBE\SushiBE\SushiBE.csproj]
C:\Users\tahad\OneDrive\Desktop\dsushi\SushiBE\SushiBE\SushiBE\Models\OrderItem.cs(16,22): warning CS8618: Non-nullable property 'Order' must contain a non-null value when exiting constructor. Consider adding the 'required' modifier or declaring the property as nullable. [C:\Users\tahad\OneDrive\Desktop\dsushi\SushiBE\SushiBE\SushiBE\SushiBE.csproj]
C:\Users\tahad\OneDrive\Desktop\dsushi\SushiBE\SushiBE\SushiBE\Models\OrderItem.cs(22,24): warning CS8618: Non-nullable property 'Product' must contain a non-null value when exiting constructor. Consider adding the 'required' modifier or declaring the property as nullable. [C:\Users\tahad\OneDrive\Desktop\dsushi\SushiBE\SushiBE\SushiBE\SushiBE.csproj]
C:\Users\tahad\OneDrive\Desktop\dsushi\SushiBE\SushiBE\SushiBE\Models\Order.cs(13,23): warning CS8618: Non-nullable property 'Comments' must contain a non-null value when exiting constructor. Consider adding the 'required' modifier or declaring the property as nullable. [C:\Users\tahad\OneDrive\Desktop\dsushi\SushiBE\SushiBE\SushiBE\SushiBE.csproj]
C:\Users\tahad\OneDrive\Desktop\dsushi\SushiBE\SushiBE\SushiBE\Models\Order.cs(16,23): warning CS8618: Non-nullable property 'Status' must contain a non-null value when exiting constructor. Consider adding the 'required' modifier or declaring the property as nullable. [C:\Users\tahad\OneDrive\Desktop\dsushi\SushiBE\SushiBE\SushiBE\SushiBE.csproj]
C:\Users\tahad\OneDrive\Desktop\dsushi\SushiBE\SushiBE\SushiBE\Models\Order.cs(24,25): warning CS8618: Non-nullable property 'Customer' must contain a non-null value when exiting constructor. Consider adding the 'required' modifier or declaring the property as nullable. [C:\Users\tahad\OneDrive\Desktop\dsushi\SushiBE\SushiBE\SushiBE\SushiBE.csproj]
C:\Users\tahad\OneDrive\Desktop\dsushi\SushiBE\SushiBE\SushiBE\Models\Invoice.cs(18,22): warning CS8618: Non-nullable property 'Order' must contain a non-null value when exiting constructor. Consider adding the 'required' modifier or declaring the property as nullable. [C:\Users\tahad\OneDrive\Desktop\dsushi\SushiBE\SushiBE\SushiBE\SushiBE.csproj]
C:\Users\tahad\OneDrive\Desktop\dsushi\SushiBE\SushiBE\SushiBE\Models\Invoice.cs(23,25): warning CS8618: Non-nullable property 'Customer' must contain a non-null value when exiting constructor. Consider adding the 'required' modifier or declaring the property as nullable. [C:\Users\tahad\OneDrive\Desktop\dsushi\SushiBE\SushiBE\SushiBE\SushiBE.csproj]
C:\Users\tahad\OneDrive\Desktop\dsushi\SushiBE\SushiBE\SushiBE\Models\Invoice.cs(26,23): warning CS8618: Non-nullable property 'InvoiceNumber' must contain a non-null value when exiting constructor. Consider adding the 'required' modifier or declaring the property as nullable. [C:\Users\tahad\OneDrive\Desktop\dsushi\SushiBE\SushiBE\SushiBE\SushiBE.csproj]
C:\Users\tahad\OneDrive\Desktop\dsushi\SushiBE\SushiBE\SushiBE\Models\Customer.cs(8,23): warning CS8618: Non-nullable property 'Address' must contain a non-null value when exiting constructor. Consider adding the 'required' modifier or declaring the property as nullable. [C:\Users\tahad\OneDrive\Desktop\dsushi\SushiBE\SushiBE\SushiBE\SushiBE.csproj]
C:\Users\tahad\OneDrive\Desktop\dsushi\SushiBE\SushiBE\SushiBE\Models\Customer.cs(9,23): warning CS8618: Non-nullable property 'Phone' must contain a non-null value when exiting constructor. Consider adding the 'required' modifier or declaring the property as nullable. [C:\Users\tahad\OneDrive\Desktop\dsushi\SushiBE\SushiBE\SushiBE\SushiBE.csproj]
C:\Users\tahad\OneDrive\Desktop\dsushi\SushiBE\SushiBE\SushiBE\Models\Customer.cs(11,21): warning CS8618: Non-nullable property 'Cart' must contain a non-null value when exiting constructor. Consider adding the 'required' modifier or declaring the property as nullable. [C:\Users\tahad\OneDrive\Desktop\dsushi\SushiBE\SushiBE\SushiBE\SushiBE.csproj]
C:\Users\tahad\OneDrive\Desktop\dsushi\SushiBE\SushiBE\SushiBE\Models\Category.cs(12,23): warning CS8618: Non-nullable property 'Name' must contain a non-null value when exiting constructor. Consider adding the 'required' modifier or declaring the property as nullable. [C:\Users\tahad\OneDrive\Desktop\dsushi\SushiBE\SushiBE\SushiBE\SushiBE.csproj]
C:\Users\tahad\OneDrive\Desktop\dsushi\SushiBE\SushiBE\SushiBE\Models\Category.cs(14,37): warning CS8618: Non-nullable property 'Products' must contain a non-null value when exiting constructor. Consider adding the 'required' modifier or declaring the property as nullable. [C:\Users\tahad\OneDrive\Desktop\dsushi\SushiBE\SushiBE\SushiBE\SushiBE.csproj]
C:\Users\tahad\OneDrive\Desktop\dsushi\SushiBE\SushiBE\SushiBE\Models\CartItem.cs(16,21): warning CS8618: Non-nullable property 'Cart' must contain a non-null value when exiting constructor. Consider adding the 'required' modifier or declaring the property as nullable. [C:\Users\tahad\OneDrive\Desktop\dsushi\SushiBE\SushiBE\SushiBE\SushiBE.csproj]
C:\Users\tahad\OneDrive\Desktop\dsushi\SushiBE\SushiBE\SushiBE\Models\CartItem.cs(22,24): warning CS8618: Non-nullable property 'Product' must contain a non-null value when exiting constructor. Consider adding the 'required' modifier or declaring the property as nullable. [C:\Users\tahad\OneDrive\Desktop\dsushi\SushiBE\SushiBE\SushiBE\SushiBE.csproj]
C:\Users\tahad\OneDrive\Desktop\dsushi\SushiBE\SushiBE\SushiBE\Models\Cart.cs(17,25): warning CS8618: Non-nullable property 'Customer' must contain a non-null value when exiting constructor. Consider adding the 'required' modifier or declaring the property as nullable. [C:\Users\tahad\OneDrive\Desktop\dsushi\SushiBE\SushiBE\SushiBE\SushiBE.csproj]
C:\Users\tahad\OneDrive\Desktop\dsushi\SushiBE\SushiBE\SushiBE\Models\Admin.cs(7,23): warning CS8618: Non-nullable property 'Permission' must contain a non-null value when exiting constructor. Consider adding the 'required' modifier or declaring the property as nullable. [C:\Users\tahad\OneDrive\Desktop\dsushi\SushiBE\SushiBE\SushiBE\SushiBE.csproj]
C:\Users\tahad\OneDrive\Desktop\dsushi\SushiBE\SushiBE\SushiBE\Controllers\ProductController.cs(343,24): warning CS8603: Possible null reference return. [C:\Users\tahad\OneDrive\Desktop\dsushi\SushiBE\SushiBE\SushiBE\SushiBE.csproj]
C:\Program Files\dotnet\sdk\9.0.307\Microsoft.Common.CurrentVersion.targets(5394,5): warning MSB3026: Could not copy "C:\Users\tahad\OneDrive\Desktop\dsushi\SushiBE\SushiBE\SushiBE\obj\Debug\net8.0\apphost.exe" to "bin\Debug\net8.0\SushiBE.exe". Beginning retry 1 in 1000ms. The process cannot access the file 'C:\Users\tahad\OneDrive\Desktop\dsushi\SushiBE\SushiBE\SushiBE\bin\Debug\net8.0\SushiBE.exe' because it is being used by another process. The file is locked by: "SushiBE (19452)" [C:\Users\tahad\OneDrive\Desktop\dsushi\SushiBE\SushiBE\SushiBE\SushiBE.csproj]
C:\Program Files\dotnet\sdk\9.0.307\Microsoft.Common.CurrentVersion.targets(5394,5): warning MSB3026: Could not copy "C:\Users\tahad\OneDrive\Desktop\dsushi\SushiBE\SushiBE\SushiBE\obj\Debug\net8.0\apphost.exe" to "bin\Debug\net8.0\SushiBE.exe". Beginning retry 2 in 1000ms. The process cannot access the file 'C:\Users\tahad\OneDrive\Desktop\dsushi\SushiBE\SushiBE\SushiBE\bin\Debug\net8.0\SushiBE.exe' because it is being used by another process. The file is locked by: "SushiBE (19452)" [C:\Users\tahad\OneDrive\Desktop\dsushi\SushiBE\SushiBE\SushiBE\SushiBE.csproj]
C:\Program Files\dotnet\sdk\9.0.307\Microsoft.Common.CurrentVersion.targets(5394,5): warning MSB3026: Could not copy "C:\Users\tahad\OneDrive\Desktop\dsushi\SushiBE\SushiBE\SushiBE\obj\Debug\net8.0\apphost.exe" to "bin\Debug\net8.0\SushiBE.exe". Beginning retry 3 in 1000ms. The process cannot access the file 'C:\Users\tahad\OneDrive\Desktop\dsushi\SushiBE\SushiBE\SushiBE\bin\Debug\net8.0\SushiBE.exe' because it is being used by another process. The file is locked by: "SushiBE (19452)" [C:\Users\tahad\OneDrive\Desktop\dsushi\SushiBE\SushiBE\SushiBE\SushiBE.csproj]
C:\Program Files\dotnet\sdk\9.0.307\Microsoft.Common.CurrentVersion.targets(5394,5): warning MSB3026: Could not copy "C:\Users\tahad\OneDrive\Desktop\dsushi\SushiBE\SushiBE\SushiBE\obj\Debug\net8.0\apphost.exe" to "bin\Debug\net8.0\SushiBE.exe". Beginning retry 4 in 1000ms. The process cannot access the file 'C:\Users\tahad\OneDrive\Desktop\dsushi\SushiBE\SushiBE\SushiBE\bin\Debug\net8.0\SushiBE.exe' because it is being used by another process. The file is locked by: "SushiBE (19452)" [C:\Users\tahad\OneDrive\Desktop\dsushi\SushiBE\SushiBE\SushiBE\SushiBE.csproj]
C:\Program Files\dotnet\sdk\9.0.307\Microsoft.Common.CurrentVersion.targets(5394,5): warning MSB3026: Could not copy "C:\Users\tahad\OneDrive\Desktop\dsushi\SushiBE\SushiBE\SushiBE\obj\Debug\net8.0\apphost.exe" to "bin\Debug\net8.0\SushiBE.exe". Beginning retry 5 in 1000ms. The process cannot access the file 'C:\Users\tahad\OneDrive\Desktop\dsushi\SushiBE\SushiBE\SushiBE\bin\Debug\net8.0\SushiBE.exe' because it is being used by another process. The file is locked by: "SushiBE (19452)" [C:\Users\tahad\OneDrive\Desktop\dsushi\SushiBE\SushiBE\SushiBE\SushiBE.csproj]
C:\Program Files\dotnet\sdk\9.0.307\Microsoft.Common.CurrentVersion.targets(5394,5): warning MSB3026: Could not copy "C:\Users\tahad\OneDrive\Desktop\dsushi\SushiBE\SushiBE\SushiBE\obj\Debug\net8.0\apphost.exe" to "bin\Debug\net8.0\SushiBE.exe". Beginning retry 6 in 1000ms. The process cannot access the file 'C:\Users\tahad\OneDrive\Desktop\dsushi\SushiBE\SushiBE\SushiBE\bin\Debug\net8.0\SushiBE.exe' because it is being used by another process. The file is locked by: "SushiBE (19452)" [C:\Users\tahad\OneDrive\Desktop\dsushi\SushiBE\SushiBE\SushiBE\SushiBE.csproj]
C:\Program Files\dotnet\sdk\9.0.307\Microsoft.Common.CurrentVersion.targets(5394,5): warning MSB3026: Could not copy "C:\Users\tahad\OneDrive\Desktop\dsushi\SushiBE\SushiBE\SushiBE\obj\Debug\net8.0\apphost.exe" to "bin\Debug\net8.0\SushiBE.exe". Beginning retry 7 in 1000ms. The process cannot access the file 'C:\Users\tahad\OneDrive\Desktop\dsushi\SushiBE\SushiBE\SushiBE\bin\Debug\net8.0\SushiBE.exe' because it is being used by another process. The file is locked by: "SushiBE (19452)" [C:\Users\tahad\OneDrive\Desktop\dsushi\SushiBE\SushiBE\SushiBE\SushiBE.csproj]
C:\Program Files\dotnet\sdk\9.0.307\Microsoft.Common.CurrentVersion.targets(5394,5): warning MSB3026: Could not copy "C:\Users\tahad\OneDrive\Desktop\dsushi\SushiBE\SushiBE\SushiBE\obj\Debug\net8.0\apphost.exe" to "bin\Debug\net8.0\SushiBE.exe". Beginning retry 8 in 1000ms. The process cannot access the file 'C:\Users\tahad\OneDrive\Desktop\dsushi\SushiBE\SushiBE\SushiBE\bin\Debug\net8.0\SushiBE.exe' because it is being used by another process. The file is locked by: "SushiBE (19452)" [C:\Users\tahad\OneDrive\Desktop\dsushi\SushiBE\SushiBE\SushiBE\SushiBE.csproj]
C:\Program Files\dotnet\sdk\9.0.307\Microsoft.Common.CurrentVersion.targets(5394,5): warning MSB3026: Could not copy "C:\Users\tahad\OneDrive\Desktop\dsushi\SushiBE\SushiBE\SushiBE\obj\Debug\net8.0\apphost.exe" to "bin\Debug\net8.0\SushiBE.exe". Beginning retry 9 in 1000ms. The process cannot access the file 'C:\Users\tahad\OneDrive\Desktop\dsushi\SushiBE\SushiBE\SushiBE\bin\Debug\net8.0\SushiBE.exe' because it is being used by another process. The file is locked by: "SushiBE (19452)" [C:\Users\tahad\OneDrive\Desktop\dsushi\SushiBE\SushiBE\SushiBE\SushiBE.csproj]
C:\Program Files\dotnet\sdk\9.0.307\Microsoft.Common.CurrentVersion.targets(5394,5): warning MSB3026: Could not copy "C:\Users\tahad\OneDrive\Desktop\dsushi\SushiBE\SushiBE\SushiBE\obj\Debug\net8.0\apphost.exe" to "bin\Debug\net8.0\SushiBE.exe". Beginning retry 10 in 1000ms. The process cannot access the file 'C:\Users\tahad\OneDrive\Desktop\dsushi\SushiBE\SushiBE\SushiBE\bin\Debug\net8.0\SushiBE.exe' because it is being used by another process. The file is locked by: "SushiBE (19452)" [C:\Users\tahad\OneDrive\Desktop\dsushi\SushiBE\SushiBE\SushiBE\SushiBE.csproj]
C:\Program Files\dotnet\sdk\9.0.307\Microsoft.Common.CurrentVersion.targets(5394,5): error MSB3027: Could not copy "C:\Users\tahad\OneDrive\Desktop\dsushi\SushiBE\SushiBE\SushiBE\obj\Debug\net8.0\apphost.exe" to "bin\Debug\net8.0\SushiBE.exe". Exceeded retry count of 10. Failed. The file is locked by: "SushiBE (19452)" [C:\Users\tahad\OneDrive\Desktop\dsushi\SushiBE\SushiBE\SushiBE\SushiBE.csproj]
C:\Program Files\dotnet\sdk\9.0.307\Microsoft.Common.CurrentVersion.targets(5394,5): error MSB3021: Unable to copy file "C:\Users\tahad\OneDrive\Desktop\dsushi\SushiBE\SushiBE\SushiBE\obj\Debug\net8.0\apphost.exe" to "bin\Debug\net8.0\SushiBE.exe". The process cannot access the file 'C:\Users\tahad\OneDrive\Desktop\dsushi\SushiBE\SushiBE\SushiBE\bin\Debug\net8.0\SushiBE.exe' because it is being used by another process. [C:\Users\tahad\OneDrive\Desktop\dsushi\SushiBE\SushiBE\SushiBE\SushiBE.csproj]

Build FAILED.

C:\Users\tahad\OneDrive\Desktop\dsushi\SushiBE\SushiBE\SushiBE\Models\Invoice.cs(5,7): warning CS0105: The using directive for 'System.ComponentModel.DataAnnotations' appeared previously in this namespace [C:\Users\tahad\OneDrive\Desktop\dsushi\SushiBE\SushiBE\SushiBE\SushiBE.csproj]
C:\Users\tahad\OneDrive\Desktop\dsushi\SushiBE\SushiBE\SushiBE\Models\Invoice.cs(6,7): warning CS0105: The using directive for 'System.ComponentModel.DataAnnotations.Schema' appeared previously in this namespace [C:\Users\tahad\OneDrive\Desktop\dsushi\SushiBE\SushiBE\SushiBE\SushiBE.csproj]
C:\Users\tahad\OneDrive\Desktop\dsushi\SushiBE\SushiBE\SushiBE\Migrations\20251221002310_belpostgrestaw.cs(9,26): warning CS8981: The type name 'belpostgrestaw' only contains lower-cased ascii characters. Such names may become reserved for the language. [C:\Users\tahad\OneDrive\Desktop\dsushi\SushiBE\SushiBE\SushiBE\SushiBE.csproj]
C:\Users\tahad\OneDrive\Desktop\dsushi\SushiBE\SushiBE\SushiBE\Migrations\20251221002310_belpostgrestaw.Designer.cs(16,19): warning CS8981: The type name 'belpostgrestaw' only contains lower-cased ascii characters. Such names may become reserved for the language. [C:\Users\tahad\OneDrive\Desktop\dsushi\SushiBE\SushiBE\SushiBE\SushiBE.csproj]
C:\Users\tahad\OneDrive\Desktop\dsushi\SushiBE\SushiBE\SushiBE\DTOs\ProductCreateDto.cs(7,19): warning CS8618: Non-nullable property 'Name' must contain a non-null value when exiting constructor. Consider adding the 'required' modifier or declaring the property as nullable. [C:\Users\tahad\OneDrive\Desktop\dsushi\SushiBE\SushiBE\SushiBE\SushiBE.csproj]
C:\Users\tahad\OneDrive\Desktop\dsushi\SushiBE\SushiBE\SushiBE\DTOs\ProductCreateDto.cs(8,19): warning CS8618: Non-nullable property 'Description' must contain a non-null value when exiting constructor. Consider adding the 'required' modifier or declaring the property as nullable. [C:\Users\tahad\OneDrive\Desktop\dsushi\SushiBE\SushiBE\SushiBE\SushiBE.csproj]
C:\Users\tahad\OneDrive\Desktop\dsushi\SushiBE\SushiBE\SushiBE\DTOs\ProductCreateDto.cs(12,28): warning CS8618: Non-nullable property 'Images' must contain a non-null value when exiting constructor. Consider adding the 'required' modifier or declaring the property as nullable. [C:\Users\tahad\OneDrive\Desktop\dsushi\SushiBE\SushiBE\SushiBE\SushiBE.csproj]
C:\Users\tahad\OneDrive\Desktop\dsushi\SushiBE\SushiBE\SushiBE\Services\SmtpEmailService.cs(20,38): warning CS8604: Possible null reference argument for parameter 's' in 'int int.Parse(string s)'. [C:\Users\tahad\OneDrive\Desktop\dsushi\SushiBE\SushiBE\SushiBE\SushiBE.csproj]
C:\Users\tahad\OneDrive\Desktop\dsushi\SushiBE\SushiBE\SushiBE\Services\SmtpEmailService.cs(31,40): warning CS8604: Possible null reference argument for parameter 'from' in 'MailMessage.MailMessage(string from, string to, string? subject, string? body)'. [C:\Users\tahad\OneDrive\Desktop\dsushi\SushiBE\SushiBE\SushiBE\SushiBE.csproj]
C:\Users\tahad\OneDrive\Desktop\dsushi\SushiBE\SushiBE\SushiBE\Controllers\CartController.cs(45,35): warning CS8601: Possible null reference assignment. [C:\Users\tahad\OneDrive\Desktop\dsushi\SushiBE\SushiBE\SushiBE\SushiBE.csproj]
C:\Users\tahad\OneDrive\Desktop\dsushi\SushiBE\SushiBE\SushiBE\Program.cs(42,76): warning CS8604: Possible null reference argument for parameter 's' in 'byte[] Encoding.GetBytes(string s)'. [C:\Users\tahad\OneDrive\Desktop\dsushi\SushiBE\SushiBE\SushiBE\SushiBE.csproj]
C:\Users\tahad\OneDrive\Desktop\dsushi\SushiBE\SushiBE\SushiBE\Program.cs(92,21): warning CS8600: Converting null literal or possible null value to non-nullable type. [C:\Users\tahad\OneDrive\Desktop\dsushi\SushiBE\SushiBE\SushiBE\SushiBE.csproj]
C:\Users\tahad\OneDrive\Desktop\dsushi\SushiBE\SushiBE\SushiBE\Controllers\AuthController.cs(235,71): warning CS8604: Possible null reference argument for parameter 's' in 'byte[] Encoding.GetBytes(string s)'. [C:\Users\tahad\OneDrive\Desktop\dsushi\SushiBE\SushiBE\SushiBE\SushiBE.csproj]
C:\Users\tahad\OneDrive\Desktop\dsushi\SushiBE\SushiBE\SushiBE\Controllers\CartController.cs(119,22): warning CS8602: Dereference of a possibly null reference. [C:\Users\tahad\OneDrive\Desktop\dsushi\SushiBE\SushiBE\SushiBE\SushiBE.csproj]
C:\Users\tahad\OneDrive\Desktop\dsushi\SushiBE\SushiBE\SushiBE\Controllers\ProductController.cs(144,28): warning CS8601: Possible null reference assignment. [C:\Users\tahad\OneDrive\Desktop\dsushi\SushiBE\SushiBE\SushiBE\SushiBE.csproj]
C:\Users\tahad\OneDrive\Desktop\dsushi\SushiBE\SushiBE\SushiBE\Controllers\CartController.cs(175,22): warning CS8602: Dereference of a possibly null reference. [C:\Users\tahad\OneDrive\Desktop\dsushi\SushiBE\SushiBE\SushiBE\SushiBE.csproj]
C:\Users\tahad\OneDrive\Desktop\dsushi\SushiBE\SushiBE\SushiBE\DTOs\ProductUpdateDto.cs(9,23): warning CS8618: Non-nullable property 'Name' must contain a non-null value when exiting constructor. Consider adding the 'required' modifier or declaring the property as nullable. [C:\Users\tahad\OneDrive\Desktop\dsushi\SushiBE\SushiBE\SushiBE\SushiBE.csproj]
C:\Users\tahad\OneDrive\Desktop\dsushi\SushiBE\SushiBE\SushiBE\DTOs\ProductUpdateDto.cs(10,23): warning CS8618: Non-nullable property 'Description' must contain a non-null value when exiting constructor. Consider adding the 'required' modifier or declaring the property as nullable. [C:\Users\tahad\OneDrive\Desktop\dsushi\SushiBE\SushiBE\SushiBE\SushiBE.csproj]
C:\Users\tahad\OneDrive\Desktop\dsushi\SushiBE\SushiBE\SushiBE\DTOs\ProductDto.cs(9,23): warning CS8618: Non-nullable property 'Name' must contain a non-null value when exiting constructor. Consider adding the 'required' modifier or declaring the property as nullable. [C:\Users\tahad\OneDrive\Desktop\dsushi\SushiBE\SushiBE\SushiBE\SushiBE.csproj]
C:\Users\tahad\OneDrive\Desktop\dsushi\SushiBE\SushiBE\SushiBE\DTOs\ProductDto.cs(10,23): warning CS8618: Non-nullable property 'Description' must contain a non-null value when exiting constructor. Consider adding the 'required' modifier or declaring the property as nullable. [C:\Users\tahad\OneDrive\Desktop\dsushi\SushiBE\SushiBE\SushiBE\SushiBE.csproj]
C:\Users\tahad\OneDrive\Desktop\dsushi\SushiBE\SushiBE\SushiBE\DTOs\ProductDto.cs(14,28): warning CS8618: Non-nullable property 'Category' must contain a non-null value when exiting constructor. Consider adding the 'required' modifier or declaring the property as nullable. [C:\Users\tahad\OneDrive\Desktop\dsushi\SushiBE\SushiBE\SushiBE\SushiBE.csproj]
C:\Users\tahad\OneDrive\Desktop\dsushi\SushiBE\SushiBE\SushiBE\DTOs\ProductDto.cs(15,29): warning CS8618: Non-nullable property 'ImageUrls' must contain a non-null value when exiting constructor. Consider adding the 'required' modifier or declaring the property as nullable. [C:\Users\tahad\OneDrive\Desktop\dsushi\SushiBE\SushiBE\SushiBE\SushiBE.csproj]
C:\Users\tahad\OneDrive\Desktop\dsushi\SushiBE\SushiBE\SushiBE\DTOs\CategoryDto.cs(8,23): warning CS8618: Non-nullable property 'Name' must contain a non-null value when exiting constructor. Consider adding the 'required' modifier or declaring the property as nullable. [C:\Users\tahad\OneDrive\Desktop\dsushi\SushiBE\SushiBE\SushiBE\SushiBE.csproj]
C:\Users\tahad\OneDrive\Desktop\dsushi\SushiBE\SushiBE\SushiBE\DTOs\CartItemDto.cs(9,23): warning CS8618: Non-nullable property 'ProductName' must contain a non-null value when exiting constructor. Consider adding the 'required' modifier or declaring the property as nullable. [C:\Users\tahad\OneDrive\Desktop\dsushi\SushiBE\SushiBE\SushiBE\SushiBE.csproj]
C:\Users\tahad\OneDrive\Desktop\dsushi\SushiBE\SushiBE\SushiBE\DTOs\CartDto.cs(12,34): warning CS8618: Non-nullable property 'Items' must contain a non-null value when exiting constructor. Consider adding the 'required' modifier or declaring the property as nullable. [C:\Users\tahad\OneDrive\Desktop\dsushi\SushiBE\SushiBE\SushiBE\SushiBE.csproj]
C:\Users\tahad\OneDrive\Desktop\dsushi\SushiBE\SushiBE\SushiBE\DTOs\Auth\VerifyEmailDto.cs(5,23): warning CS8618: Non-nullable property 'Email' must contain a non-null value when exiting constructor. Consider adding the 'required' modifier or declaring the property as nullable. [C:\Users\tahad\OneDrive\Desktop\dsushi\SushiBE\SushiBE\SushiBE\SushiBE.csproj]
C:\Users\tahad\OneDrive\Desktop\dsushi\SushiBE\SushiBE\SushiBE\DTOs\Auth\VerifyEmailDto.cs(6,23): warning CS8618: Non-nullable property 'Code' must contain a non-null value when exiting constructor. Consider adding the 'required' modifier or declaring the property as nullable. [C:\Users\tahad\OneDrive\Desktop\dsushi\SushiBE\SushiBE\SushiBE\SushiBE.csproj]
C:\Users\tahad\OneDrive\Desktop\dsushi\SushiBE\SushiBE\SushiBE\DTOs\Auth\UpdateProfileDto.cs(5,23): warning CS8618: Non-nullable property 'Name' must contain a non-null value when exiting constructor. Consider adding the 'required' modifier or declaring the property as nullable. [C:\Users\tahad\OneDrive\Desktop\dsushi\SushiBE\SushiBE\SushiBE\SushiBE.csproj]
C:\Users\tahad\OneDrive\Desktop\dsushi\SushiBE\SushiBE\SushiBE\DTOs\Auth\UpdateProfileDto.cs(6,23): warning CS8618: Non-nullable property 'Email' must contain a non-null value when exiting constructor. Consider adding the 'required' modifier or declaring the property as nullable. [C:\Users\tahad\OneDrive\Desktop\dsushi\SushiBE\SushiBE\SushiBE\SushiBE.csproj]
C:\Users\tahad\OneDrive\Desktop\dsushi\SushiBE\SushiBE\SushiBE\DTOs\Auth\UpdateProfileDto.cs(7,23): warning CS8618: Non-nullable property 'Address' must contain a non-null value when exiting constructor. Consider adding the 'required' modifier or declaring the property as nullable. [C:\Users\tahad\OneDrive\Desktop\dsushi\SushiBE\SushiBE\SushiBE\SushiBE.csproj]
C:\Users\tahad\OneDrive\Desktop\dsushi\SushiBE\SushiBE\SushiBE\DTOs\Auth\UpdateProfileDto.cs(8,23): warning CS8618: Non-nullable property 'Phone' must contain a non-null value when exiting constructor. Consider adding the 'required' modifier or declaring the property as nullable. [C:\Users\tahad\OneDrive\Desktop\dsushi\SushiBE\SushiBE\SushiBE\SushiBE.csproj]
C:\Users\tahad\OneDrive\Desktop\dsushi\SushiBE\SushiBE\SushiBE\DTOs\Auth\UpdatePasswordDto.cs(5,23): warning CS8618: Non-nullable property 'OldPassword' must contain a non-null value when exiting constructor. Consider adding the 'required' modifier or declaring the property as nullable. [C:\Users\tahad\OneDrive\Desktop\dsushi\SushiBE\SushiBE\SushiBE\SushiBE.csproj]
C:\Users\tahad\OneDrive\Desktop\dsushi\SushiBE\SushiBE\SushiBE\DTOs\Auth\UpdatePasswordDto.cs(6,23): warning CS8618: Non-nullable property 'NewPassword' must contain a non-null value when exiting constructor. Consider adding the 'required' modifier or declaring the property as nullable. [C:\Users\tahad\OneDrive\Desktop\dsushi\SushiBE\SushiBE\SushiBE\SushiBE.csproj]
C:\Users\tahad\OneDrive\Desktop\dsushi\SushiBE\SushiBE\SushiBE\DTOs\Auth\RegisterDto.cs(5,23): warning CS8618: Non-nullable property 'Email' must contain a non-null value when exiting constructor. Consider adding the 'required' modifier or declaring the property as nullable. [C:\Users\tahad\OneDrive\Desktop\dsushi\SushiBE\SushiBE\SushiBE\SushiBE.csproj]
C:\Users\tahad\OneDrive\Desktop\dsushi\SushiBE\SushiBE\SushiBE\DTOs\Auth\RegisterDto.cs(6,23): warning CS8618: Non-nullable property 'Password' must contain a non-null value when exiting constructor. Consider adding the 'required' modifier or declaring the property as nullable. [C:\Users\tahad\OneDrive\Desktop\dsushi\SushiBE\SushiBE\SushiBE\SushiBE.csproj]
C:\Users\tahad\OneDrive\Desktop\dsushi\SushiBE\SushiBE\SushiBE\DTOs\Auth\LoginDto.cs(5,23): warning CS8618: Non-nullable property 'Email' must contain a non-null value when exiting constructor. Consider adding the 'required' modifier or declaring the property as nullable. [C:\Users\tahad\OneDrive\Desktop\dsushi\SushiBE\SushiBE\SushiBE\SushiBE.csproj]
C:\Users\tahad\OneDrive\Desktop\dsushi\SushiBE\SushiBE\SushiBE\DTOs\Auth\LoginDto.cs(6,23): warning CS8618: Non-nullable property 'Password' must contain a non-null value when exiting constructor. Consider adding the 'required' modifier or declaring the property as nullable. [C:\Users\tahad\OneDrive\Desktop\dsushi\SushiBE\SushiBE\SushiBE\SushiBE.csproj]
C:\Users\tahad\OneDrive\Desktop\dsushi\SushiBE\SushiBE\SushiBE\DTOs\Auth\AuthResponseDto.cs(5,23): warning CS8618: Non-nullable property 'Token' must contain a non-null value when exiting constructor. Consider adding the 'required' modifier or declaring the property as nullable. [C:\Users\tahad\OneDrive\Desktop\dsushi\SushiBE\SushiBE\SushiBE\SushiBE.csproj]
C:\Users\tahad\OneDrive\Desktop\dsushi\SushiBE\SushiBE\SushiBE\DTOs\Auth\AdminRegisterDto.cs(5,23): warning CS8618: Non-nullable property 'Name' must contain a non-null value when exiting constructor. Consider adding the 'required' modifier or declaring the property as nullable. [C:\Users\tahad\OneDrive\Desktop\dsushi\SushiBE\SushiBE\SushiBE\SushiBE.csproj]
C:\Users\tahad\OneDrive\Desktop\dsushi\SushiBE\SushiBE\SushiBE\DTOs\Auth\AdminRegisterDto.cs(6,23): warning CS8618: Non-nullable property 'Email' must contain a non-null value when exiting constructor. Consider adding the 'required' modifier or declaring the property as nullable. [C:\Users\tahad\OneDrive\Desktop\dsushi\SushiBE\SushiBE\SushiBE\SushiBE.csproj]
C:\Users\tahad\OneDrive\Desktop\dsushi\SushiBE\SushiBE\SushiBE\DTOs\Auth\AdminRegisterDto.cs(7,23): warning CS8618: Non-nullable property 'Password' must contain a non-null value when exiting constructor. Consider adding the 'required' modifier or declaring the property as nullable. [C:\Users\tahad\OneDrive\Desktop\dsushi\SushiBE\SushiBE\SushiBE\SushiBE.csproj]
C:\Users\tahad\OneDrive\Desktop\dsushi\SushiBE\SushiBE\SushiBE\Controllers\CartController.cs(223,22): warning CS8602: Dereference of a possibly null reference. [C:\Users\tahad\OneDrive\Desktop\dsushi\SushiBE\SushiBE\SushiBE\SushiBE.csproj]
C:\Users\tahad\OneDrive\Desktop\dsushi\SushiBE\SushiBE\SushiBE\Controllers\ProductController.cs(238,40): warning CS8601: Possible null reference assignment. [C:\Users\tahad\OneDrive\Desktop\dsushi\SushiBE\SushiBE\SushiBE\SushiBE.csproj]
C:\Users\tahad\OneDrive\Desktop\dsushi\SushiBE\SushiBE\SushiBE\Models\ProductImage.cs(9,23): warning CS8618: Non-nullable property 'ImageUrl' must contain a non-null value when exiting constructor. Consider adding the 'required' modifier or declaring the property as nullable. [C:\Users\tahad\OneDrive\Desktop\dsushi\SushiBE\SushiBE\SushiBE\SushiBE.csproj]
C:\Users\tahad\OneDrive\Desktop\dsushi\SushiBE\SushiBE\SushiBE\Models\ProductImage.cs(11,24): warning CS8618: Non-nullable property 'Product' must contain a non-null value when exiting constructor. Consider adding the 'required' modifier or declaring the property as nullable. [C:\Users\tahad\OneDrive\Desktop\dsushi\SushiBE\SushiBE\SushiBE\SushiBE.csproj]
C:\Users\tahad\OneDrive\Desktop\dsushi\SushiBE\SushiBE\SushiBE\Models\Product.cs(13,23): warning CS8618: Non-nullable property 'Name' must contain a non-null value when exiting constructor. Consider adding the 'required' modifier or declaring the property as nullable. [C:\Users\tahad\OneDrive\Desktop\dsushi\SushiBE\SushiBE\SushiBE\SushiBE.csproj]
C:\Users\tahad\OneDrive\Desktop\dsushi\SushiBE\SushiBE\SushiBE\Models\Product.cs(14,23): warning CS8618: Non-nullable property 'Description' must contain a non-null value when exiting constructor. Consider adding the 'required' modifier or declaring the property as nullable. [C:\Users\tahad\OneDrive\Desktop\dsushi\SushiBE\SushiBE\SushiBE\SushiBE.csproj]
C:\Users\tahad\OneDrive\Desktop\dsushi\SushiBE\SushiBE\SushiBE\Models\Product.cs(18,23): warning CS8618: Non-nullable property 'ImageUrl' must contain a non-null value when exiting constructor. Consider adding the 'required' modifier or declaring the property as nullable. [C:\Users\tahad\OneDrive\Desktop\dsushi\SushiBE\SushiBE\SushiBE\SushiBE.csproj]
C:\Users\tahad\OneDrive\Desktop\dsushi\SushiBE\SushiBE\SushiBE\Models\Product.cs(24,25): warning CS8618: Non-nullable property 'Category' must contain a non-null value when exiting constructor. Consider adding the 'required' modifier or declaring the property as nullable. [C:\Users\tahad\OneDrive\Desktop\dsushi\SushiBE\SushiBE\SushiBE\SushiBE.csproj]
C:\Users\tahad\OneDrive\Desktop\dsushi\SushiBE\SushiBE\SushiBE\Models\Product.cs(26,42): warning CS8618: Non-nullable property 'Images' must contain a non-null value when exiting constructor. Consider adding the 'required' modifier or declaring the property as nullable. [C:\Users\tahad\OneDrive\Desktop\dsushi\SushiBE\SushiBE\SushiBE\SushiBE.csproj]
C:\Users\tahad\OneDrive\Desktop\dsushi\SushiBE\SushiBE\SushiBE\Models\OrderItem.cs(16,22): warning CS8618: Non-nullable property 'Order' must contain a non-null value when exiting constructor. Consider adding the 'required' modifier or declaring the property as nullable. [C:\Users\tahad\OneDrive\Desktop\dsushi\SushiBE\SushiBE\SushiBE\SushiBE.csproj]
C:\Users\tahad\OneDrive\Desktop\dsushi\SushiBE\SushiBE\SushiBE\Models\OrderItem.cs(22,24): warning CS8618: Non-nullable property 'Product' must contain a non-null value when exiting constructor. Consider adding the 'required' modifier or declaring the property as nullable. [C:\Users\tahad\OneDrive\Desktop\dsushi\SushiBE\SushiBE\SushiBE\SushiBE.csproj]
C:\Users\tahad\OneDrive\Desktop\dsushi\SushiBE\SushiBE\SushiBE\Models\Order.cs(13,23): warning CS8618: Non-nullable property 'Comments' must contain a non-null value when exiting constructor. Consider adding the 'required' modifier or declaring the property as nullable. [C:\Users\tahad\OneDrive\Desktop\dsushi\SushiBE\SushiBE\SushiBE\SushiBE.csproj]
C:\Users\tahad\OneDrive\Desktop\dsushi\SushiBE\SushiBE\SushiBE\Models\Order.cs(16,23): warning CS8618: Non-nullable property 'Status' must contain a non-null value when exiting constructor. Consider adding the 'required' modifier or declaring the property as nullable. [C:\Users\tahad\OneDrive\Desktop\dsushi\SushiBE\SushiBE\SushiBE\SushiBE.csproj]
C:\Users\tahad\OneDrive\Desktop\dsushi\SushiBE\SushiBE\SushiBE\Models\Order.cs(24,25): warning CS8618: Non-nullable property 'Customer' must contain a non-null value when exiting constructor. Consider adding the 'required' modifier or declaring the property as nullable. [C:\Users\tahad\OneDrive\Desktop\dsushi\SushiBE\SushiBE\SushiBE\SushiBE.csproj]
C:\Users\tahad\OneDrive\Desktop\dsushi\SushiBE\SushiBE\SushiBE\Models\Invoice.cs(18,22): warning CS8618: Non-nullable property 'Order' must contain a non-null value when exiting constructor. Consider adding the 'required' modifier or declaring the property as nullable. [C:\Users\tahad\OneDrive\Desktop\dsushi\SushiBE\SushiBE\SushiBE\SushiBE.csproj]
C:\Users\tahad\OneDrive\Desktop\dsushi\SushiBE\SushiBE\SushiBE\Models\Invoice.cs(23,25): warning CS8618: Non-nullable property 'Customer' must contain a non-null value when exiting constructor. Consider adding the 'required' modifier or declaring the property as nullable. [C:\Users\tahad\OneDrive\Desktop\dsushi\SushiBE\SushiBE\SushiBE\SushiBE.csproj]
C:\Users\tahad\OneDrive\Desktop\dsushi\SushiBE\SushiBE\SushiBE\Models\Invoice.cs(26,23): warning CS8618: Non-nullable property 'InvoiceNumber' must contain a non-null value when exiting constructor. Consider adding the 'required' modifier or declaring the property as nullable. [C:\Users\tahad\OneDrive\Desktop\dsushi\SushiBE\SushiBE\SushiBE\SushiBE.csproj]
C:\Users\tahad\OneDrive\Desktop\dsushi\SushiBE\SushiBE\SushiBE\Models\Customer.cs(8,23): warning CS8618: Non-nullable property 'Address' must contain a non-null value when exiting constructor. Consider adding the 'required' modifier or declaring the property as nullable. [C:\Users\tahad\OneDrive\Desktop\dsushi\SushiBE\SushiBE\SushiBE\SushiBE.csproj]
C:\Users\tahad\OneDrive\Desktop\dsushi\SushiBE\SushiBE\SushiBE\Models\Customer.cs(9,23): warning CS8618: Non-nullable property 'Phone' must contain a non-null value when exiting constructor. Consider adding the 'required' modifier or declaring the property as nullable. [C:\Users\tahad\OneDrive\Desktop\dsushi\SushiBE\SushiBE\SushiBE\SushiBE.csproj]
C:\Users\tahad\OneDrive\Desktop\dsushi\SushiBE\SushiBE\SushiBE\Models\Customer.cs(11,21): warning CS8618: Non-nullable property 'Cart' must contain a non-null value when exiting constructor. Consider adding the 'required' modifier or declaring the property as nullable. [C:\Users\tahad\OneDrive\Desktop\dsushi\SushiBE\SushiBE\SushiBE\SushiBE.csproj]
C:\Users\tahad\OneDrive\Desktop\dsushi\SushiBE\SushiBE\SushiBE\Models\Category.cs(12,23): warning CS8618: Non-nullable property 'Name' must contain a non-null value when exiting constructor. Consider adding the 'required' modifier or declaring the property as nullable. [C:\Users\tahad\OneDrive\Desktop\dsushi\SushiBE\SushiBE\SushiBE\SushiBE.csproj]
C:\Users\tahad\OneDrive\Desktop\dsushi\SushiBE\SushiBE\SushiBE\Models\Category.cs(14,37): warning CS8618: Non-nullable property 'Products' must contain a non-null value when exiting constructor. Consider adding the 'required' modifier or declaring the property as nullable. [C:\Users\tahad\OneDrive\Desktop\dsushi\SushiBE\SushiBE\SushiBE\SushiBE.csproj]
C:\Users\tahad\OneDrive\Desktop\dsushi\SushiBE\SushiBE\SushiBE\Models\CartItem.cs(16,21): warning CS8618: Non-nullable property 'Cart' must contain a non-null value when exiting constructor. Consider adding the 'required' modifier or declaring the property as nullable. [C:\Users\tahad\OneDrive\Desktop\dsushi\SushiBE\SushiBE\SushiBE\SushiBE.csproj]
C:\Users\tahad\OneDrive\Desktop\dsushi\SushiBE\SushiBE\SushiBE\Models\CartItem.cs(22,24): warning CS8618: Non-nullable property 'Product' must contain a non-null value when exiting constructor. Consider adding the 'required' modifier or declaring the property as nullable. [C:\Users\tahad\OneDrive\Desktop\dsushi\SushiBE\SushiBE\SushiBE\SushiBE.csproj]
C:\Users\tahad\OneDrive\Desktop\dsushi\SushiBE\SushiBE\SushiBE\Models\Cart.cs(17,25): warning CS8618: Non-nullable property 'Customer' must contain a non-null value when exiting constructor. Consider adding the 'required' modifier or declaring the property as nullable. [C:\Users\tahad\OneDrive\Desktop\dsushi\SushiBE\SushiBE\SushiBE\SushiBE.csproj]
C:\Users\tahad\OneDrive\Desktop\dsushi\SushiBE\SushiBE\SushiBE\Models\Admin.cs(7,23): warning CS8618: Non-nullable property 'Permission' must contain a non-null value when exiting constructor. Consider adding the 'required' modifier or declaring the property as nullable. [C:\Users\tahad\OneDrive\Desktop\dsushi\SushiBE\SushiBE\SushiBE\SushiBE.csproj]
C:\Users\tahad\OneDrive\Desktop\dsushi\SushiBE\SushiBE\SushiBE\Controllers\ProductController.cs(343,24): warning CS8603: Possible null reference return. [C:\Users\tahad\OneDrive\Desktop\dsushi\SushiBE\SushiBE\SushiBE\SushiBE.csproj]
C:\Program Files\dotnet\sdk\9.0.307\Microsoft.Common.CurrentVersion.targets(5394,5): warning MSB3026: Could not copy "C:\Users\tahad\OneDrive\Desktop\dsushi\SushiBE\SushiBE\SushiBE\obj\Debug\net8.0\apphost.exe" to "bin\Debug\net8.0\SushiBE.exe". Beginning retry 1 in 1000ms. The process cannot access the file 'C:\Users\tahad\OneDrive\Desktop\dsushi\SushiBE\SushiBE\SushiBE\bin\Debug\net8.0\SushiBE.exe' because it is being used by another process. The file is locked by: "SushiBE (19452)" [C:\Users\tahad\OneDrive\Desktop\dsushi\SushiBE\SushiBE\SushiBE\SushiBE.csproj]
C:\Program Files\dotnet\sdk\9.0.307\Microsoft.Common.CurrentVersion.targets(5394,5): warning MSB3026: Could not copy "C:\Users\tahad\OneDrive\Desktop\dsushi\SushiBE\SushiBE\SushiBE\obj\Debug\net8.0\apphost.exe" to "bin\Debug\net8.0\SushiBE.exe". Beginning retry 2 in 1000ms. The process cannot access the file 'C:\Users\tahad\OneDrive\Desktop\dsushi\SushiBE\SushiBE\SushiBE\bin\Debug\net8.0\SushiBE.exe' because it is being used by another process. The file is locked by: "SushiBE (19452)" [C:\Users\tahad\OneDrive\Desktop\dsushi\SushiBE\SushiBE\SushiBE\SushiBE.csproj]
C:\Program Files\dotnet\sdk\9.0.307\Microsoft.Common.CurrentVersion.targets(5394,5): warning MSB3026: Could not copy "C:\Users\tahad\OneDrive\Desktop\dsushi\SushiBE\SushiBE\SushiBE\obj\Debug\net8.0\apphost.exe" to "bin\Debug\net8.0\SushiBE.exe". Beginning retry 3 in 1000ms. The process cannot access the file 'C:\Users\tahad\OneDrive\Desktop\dsushi\SushiBE\SushiBE\SushiBE\bin\Debug\net8.0\SushiBE.exe' because it is being used by another process. The file is locked by: "SushiBE (19452)" [C:\Users\tahad\OneDrive\Desktop\dsushi\SushiBE\SushiBE\SushiBE\SushiBE.csproj]
C:\Program Files\dotnet\sdk\9.0.307\Microsoft.Common.CurrentVersion.targets(5394,5): warning MSB3026: Could not copy "C:\Users\tahad\OneDrive\Desktop\dsushi\SushiBE\SushiBE\SushiBE\obj\Debug\net8.0\apphost.exe" to "bin\Debug\net8.0\SushiBE.exe". Beginning retry 4 in 1000ms. The process cannot access the file 'C:\Users\tahad\OneDrive\Desktop\dsushi\SushiBE\SushiBE\SushiBE\bin\Debug\net8.0\SushiBE.exe' because it is being used by another process. The file is locked by: "SushiBE (19452)" [C:\Users\tahad\OneDrive\Desktop\dsushi\SushiBE\SushiBE\SushiBE\SushiBE.csproj]
C:\Program Files\dotnet\sdk\9.0.307\Microsoft.Common.CurrentVersion.targets(5394,5): warning MSB3026: Could not copy "C:\Users\tahad\OneDrive\Desktop\dsushi\SushiBE\SushiBE\SushiBE\obj\Debug\net8.0\apphost.exe" to "bin\Debug\net8.0\SushiBE.exe". Beginning retry 5 in 1000ms. The process cannot access the file 'C:\Users\tahad\OneDrive\Desktop\dsushi\SushiBE\SushiBE\SushiBE\bin\Debug\net8.0\SushiBE.exe' because it is being used by another process. The file is locked by: "SushiBE (19452)" [C:\Users\tahad\OneDrive\Desktop\dsushi\SushiBE\SushiBE\SushiBE\SushiBE.csproj]
C:\Program Files\dotnet\sdk\9.0.307\Microsoft.Common.CurrentVersion.targets(5394,5): warning MSB3026: Could not copy "C:\Users\tahad\OneDrive\Desktop\dsushi\SushiBE\SushiBE\SushiBE\obj\Debug\net8.0\apphost.exe" to "bin\Debug\net8.0\SushiBE.exe". Beginning retry 6 in 1000ms. The process cannot access the file 'C:\Users\tahad\OneDrive\Desktop\dsushi\SushiBE\SushiBE\SushiBE\bin\Debug\net8.0\SushiBE.exe' because it is being used by another process. The file is locked by: "SushiBE (19452)" [C:\Users\tahad\OneDrive\Desktop\dsushi\SushiBE\SushiBE\SushiBE\SushiBE.csproj]
C:\Program Files\dotnet\sdk\9.0.307\Microsoft.Common.CurrentVersion.targets(5394,5): warning MSB3026: Could not copy "C:\Users\tahad\OneDrive\Desktop\dsushi\SushiBE\SushiBE\SushiBE\obj\Debug\net8.0\apphost.exe" to "bin\Debug\net8.0\SushiBE.exe". Beginning retry 7 in 1000ms. The process cannot access the file 'C:\Users\tahad\OneDrive\Desktop\dsushi\SushiBE\SushiBE\SushiBE\bin\Debug\net8.0\SushiBE.exe' because it is being used by another process. The file is locked by: "SushiBE (19452)" [C:\Users\tahad\OneDrive\Desktop\dsushi\SushiBE\SushiBE\SushiBE\SushiBE.csproj]
C:\Program Files\dotnet\sdk\9.0.307\Microsoft.Common.CurrentVersion.targets(5394,5): warning MSB3026: Could not copy "C:\Users\tahad\OneDrive\Desktop\dsushi\SushiBE\SushiBE\SushiBE\obj\Debug\net8.0\apphost.exe" to "bin\Debug\net8.0\SushiBE.exe". Beginning retry 8 in 1000ms. The process cannot access the file 'C:\Users\tahad\OneDrive\Desktop\dsushi\SushiBE\SushiBE\SushiBE\bin\Debug\net8.0\SushiBE.exe' because it is being used by another process. The file is locked by: "SushiBE (19452)" [C:\Users\tahad\OneDrive\Desktop\dsushi\SushiBE\SushiBE\SushiBE\SushiBE.csproj]
C:\Program Files\dotnet\sdk\9.0.307\Microsoft.Common.CurrentVersion.targets(5394,5): warning MSB3026: Could not copy "C:\Users\tahad\OneDrive\Desktop\dsushi\SushiBE\SushiBE\SushiBE\obj\Debug\net8.0\apphost.exe" to "bin\Debug\net8.0\SushiBE.exe". Beginning retry 9 in 1000ms. The process cannot access the file 'C:\Users\tahad\OneDrive\Desktop\dsushi\SushiBE\SushiBE\SushiBE\bin\Debug\net8.0\SushiBE.exe' because it is being used by another process. The file is locked by: "SushiBE (19452)" [C:\Users\tahad\OneDrive\Desktop\dsushi\SushiBE\SushiBE\SushiBE\SushiBE.csproj]
C:\Program Files\dotnet\sdk\9.0.307\Microsoft.Common.CurrentVersion.targets(5394,5): warning MSB3026: Could not copy "C:\Users\tahad\OneDrive\Desktop\dsushi\SushiBE\SushiBE\SushiBE\obj\Debug\net8.0\apphost.exe" to "bin\Debug\net8.0\SushiBE.exe". Beginning retry 10 in 1000ms. The process cannot access the file 'C:\Users\tahad\OneDrive\Desktop\dsushi\SushiBE\SushiBE\SushiBE\bin\Debug\net8.0\SushiBE.exe' because it is being used by another process. The file is locked by: "SushiBE (19452)" [C:\Users\tahad\OneDrive\Desktop\dsushi\SushiBE\SushiBE\SushiBE\SushiBE.csproj]
C:\Program Files\dotnet\sdk\9.0.307\Microsoft.Common.CurrentVersion.targets(5394,5): error MSB3027: Could not copy "C:\Users\tahad\OneDrive\Desktop\dsushi\SushiBE\SushiBE\SushiBE\obj\Debug\net8.0\apphost.exe" to "bin\Debug\net8.0\SushiBE.exe". Exceeded retry count of 10. Failed. The file is locked by: "SushiBE (19452)" [C:\Users\tahad\OneDrive\Desktop\dsushi\SushiBE\SushiBE\SushiBE\SushiBE.csproj]
C:\Program Files\dotnet\sdk\9.0.307\Microsoft.Common.CurrentVersion.targets(5394,5): error MSB3021: Unable to copy file "C:\Users\tahad\OneDrive\Desktop\dsushi\SushiBE\SushiBE\SushiBE\obj\Debug\net8.0\apphost.exe" to "bin\Debug\net8.0\SushiBE.exe". The process cannot access the file 'C:\Users\tahad\OneDrive\Desktop\dsushi\SushiBE\SushiBE\SushiBE\bin\Debug\net8.0\SushiBE.exe' because it is being used by another process. [C:\Users\tahad\OneDrive\Desktop\dsushi\SushiBE\SushiBE\SushiBE\SushiBE.csproj]
    78 Warning(s)
    2 Error(s)

Time Elapsed 00:00:14.04
